<?xml version="1.0" encoding="UTF-8"?>
<!-- Generated by org.testng.reporters.JUnitReportReporter -->
<testsuite skipped="0" hostname="DESKTOP-BVHNE8J" name="tests.courseSearch" tests="4" failures="0" timestamp="2020-10-26T11:23:29 IST" time="156.895" errors="0">
  <testcase name="searchCourse" time="45.073" classname="tests.courseSearch"/>
  <testcase name="filterDetails" time="27.986" classname="tests.courseSearch"/>
  <testcase name="fillFormIncorrectData" time="64.543" classname="tests.courseSearch"/>
  <testcase name="fillFormCorrectData" time="19.293" classname="tests.courseSearch"/>
</testsuite> <!-- tests.courseSearch -->
